[0.053s] DEBUG:colcon:Command line arguments: ['/usr/bin/colcon', 'list']
[0.053s] DEBUG:colcon:Parsed command line arguments: Namespace(log_base=None, log_level=None, verb_name='list', build_base='build', ignore_user_meta=False, metas=['./colcon.meta'], base_paths=['.'], packages_ignore=None, packages_ignore_regex=None, paths=None, packages_up_to=None, packages_up_to_regex=None, packages_above=None, packages_above_and_dependencies=None, packages_above_depth=None, packages_select_by_dep=None, packages_skip_by_dep=None, packages_skip_up_to=None, packages_select_build_failed=False, packages_skip_build_finished=False, packages_select_test_failures=False, packages_skip_test_passed=False, packages_select=None, packages_skip=None, packages_select_regex=None, packages_skip_regex=None, packages_start=None, packages_end=None, allow_overriding=[], topological_order=False, names_only=False, paths_only=False, topological_graph=False, topological_graph_dot=False, topological_graph_density=False, topological_graph_legend=False, topological_graph_dot_cluster=False, topological_graph_dot_include_skipped=False, verb_parser=<colcon_defaults.argument_parser.defaults.DefaultArgumentsDecorator object at 0x787410c6c850>, verb_extension=<colcon_package_information.verb.list.ListVerb object at 0x787410ddcd00>, main=<bound method ListVerb.main of <colcon_package_information.verb.list.ListVerb object at 0x787410ddcd00>>)
[0.149s] Level 1:colcon.colcon_core.package_discovery:discover_packages(colcon_meta) check parameters
[0.149s] Level 1:colcon.colcon_core.package_discovery:discover_packages(recursive) check parameters
[0.149s] Level 1:colcon.colcon_core.package_discovery:discover_packages(ignore) check parameters
[0.149s] Level 1:colcon.colcon_core.package_discovery:discover_packages(path) check parameters
[0.149s] Level 1:colcon.colcon_core.package_discovery:discover_packages(colcon_meta) discover
[0.149s] Level 1:colcon.colcon_core.package_discovery:discover_packages(recursive) discover
[0.149s] INFO:colcon.colcon_core.package_discovery:Crawling recursively for packages in '/home/futureflow/ws_lcyy/src/FAST_LIO-ROS2/include'
[0.149s] Level 1:colcon.colcon_core.package_identification:_identify(.) by extensions ['ignore', 'ignore_ament_install']
[0.149s] Level 1:colcon.colcon_core.package_identification:_identify(.) by extension 'ignore'
[0.149s] Level 1:colcon.colcon_core.package_identification:_identify(.) by extension 'ignore_ament_install'
[0.149s] Level 1:colcon.colcon_core.package_identification:_identify(.) by extensions ['colcon_pkg']
[0.149s] Level 1:colcon.colcon_core.package_identification:_identify(.) by extension 'colcon_pkg'
[0.149s] Level 1:colcon.colcon_core.package_identification:_identify(.) by extensions ['colcon_meta']
[0.149s] Level 1:colcon.colcon_core.package_identification:_identify(.) by extension 'colcon_meta'
[0.149s] Level 1:colcon.colcon_core.package_identification:_identify(.) by extensions ['ros']
[0.149s] Level 1:colcon.colcon_core.package_identification:_identify(.) by extension 'ros'
[0.156s] Level 1:colcon.colcon_core.package_identification:_identify(.) by extensions ['cmake', 'python']
[0.156s] Level 1:colcon.colcon_core.package_identification:_identify(.) by extension 'cmake'
[0.156s] Level 1:colcon.colcon_core.package_identification:_identify(.) by extension 'python'
[0.156s] Level 1:colcon.colcon_core.package_identification:_identify(.) by extensions ['python_setup_py']
[0.156s] Level 1:colcon.colcon_core.package_identification:_identify(.) by extension 'python_setup_py'
[0.156s] Level 1:colcon.colcon_core.package_identification:_identify(IKFoM_toolkit) by extensions ['ignore', 'ignore_ament_install']
[0.156s] Level 1:colcon.colcon_core.package_identification:_identify(IKFoM_toolkit) by extension 'ignore'
[0.156s] Level 1:colcon.colcon_core.package_identification:_identify(IKFoM_toolkit) by extension 'ignore_ament_install'
[0.156s] Level 1:colcon.colcon_core.package_identification:_identify(IKFoM_toolkit) by extensions ['colcon_pkg']
[0.156s] Level 1:colcon.colcon_core.package_identification:_identify(IKFoM_toolkit) by extension 'colcon_pkg'
[0.156s] Level 1:colcon.colcon_core.package_identification:_identify(IKFoM_toolkit) by extensions ['colcon_meta']
[0.156s] Level 1:colcon.colcon_core.package_identification:_identify(IKFoM_toolkit) by extension 'colcon_meta'
[0.156s] Level 1:colcon.colcon_core.package_identification:_identify(IKFoM_toolkit) by extensions ['ros']
[0.156s] Level 1:colcon.colcon_core.package_identification:_identify(IKFoM_toolkit) by extension 'ros'
[0.156s] Level 1:colcon.colcon_core.package_identification:_identify(IKFoM_toolkit) by extensions ['cmake', 'python']
[0.156s] Level 1:colcon.colcon_core.package_identification:_identify(IKFoM_toolkit) by extension 'cmake'
[0.156s] Level 1:colcon.colcon_core.package_identification:_identify(IKFoM_toolkit) by extension 'python'
[0.156s] Level 1:colcon.colcon_core.package_identification:_identify(IKFoM_toolkit) by extensions ['python_setup_py']
[0.156s] Level 1:colcon.colcon_core.package_identification:_identify(IKFoM_toolkit) by extension 'python_setup_py'
[0.156s] Level 1:colcon.colcon_core.package_identification:_identify(IKFoM_toolkit/esekfom) by extensions ['ignore', 'ignore_ament_install']
[0.156s] Level 1:colcon.colcon_core.package_identification:_identify(IKFoM_toolkit/esekfom) by extension 'ignore'
[0.156s] Level 1:colcon.colcon_core.package_identification:_identify(IKFoM_toolkit/esekfom) by extension 'ignore_ament_install'
[0.156s] Level 1:colcon.colcon_core.package_identification:_identify(IKFoM_toolkit/esekfom) by extensions ['colcon_pkg']
[0.156s] Level 1:colcon.colcon_core.package_identification:_identify(IKFoM_toolkit/esekfom) by extension 'colcon_pkg'
[0.156s] Level 1:colcon.colcon_core.package_identification:_identify(IKFoM_toolkit/esekfom) by extensions ['colcon_meta']
[0.156s] Level 1:colcon.colcon_core.package_identification:_identify(IKFoM_toolkit/esekfom) by extension 'colcon_meta'
[0.156s] Level 1:colcon.colcon_core.package_identification:_identify(IKFoM_toolkit/esekfom) by extensions ['ros']
[0.156s] Level 1:colcon.colcon_core.package_identification:_identify(IKFoM_toolkit/esekfom) by extension 'ros'
[0.156s] Level 1:colcon.colcon_core.package_identification:_identify(IKFoM_toolkit/esekfom) by extensions ['cmake', 'python']
[0.157s] Level 1:colcon.colcon_core.package_identification:_identify(IKFoM_toolkit/esekfom) by extension 'cmake'
[0.157s] Level 1:colcon.colcon_core.package_identification:_identify(IKFoM_toolkit/esekfom) by extension 'python'
[0.157s] Level 1:colcon.colcon_core.package_identification:_identify(IKFoM_toolkit/esekfom) by extensions ['python_setup_py']
[0.157s] Level 1:colcon.colcon_core.package_identification:_identify(IKFoM_toolkit/esekfom) by extension 'python_setup_py'
[0.157s] Level 1:colcon.colcon_core.package_identification:_identify(IKFoM_toolkit/mtk) by extensions ['ignore', 'ignore_ament_install']
[0.157s] Level 1:colcon.colcon_core.package_identification:_identify(IKFoM_toolkit/mtk) by extension 'ignore'
[0.157s] Level 1:colcon.colcon_core.package_identification:_identify(IKFoM_toolkit/mtk) by extension 'ignore_ament_install'
[0.157s] Level 1:colcon.colcon_core.package_identification:_identify(IKFoM_toolkit/mtk) by extensions ['colcon_pkg']
[0.157s] Level 1:colcon.colcon_core.package_identification:_identify(IKFoM_toolkit/mtk) by extension 'colcon_pkg'
[0.157s] Level 1:colcon.colcon_core.package_identification:_identify(IKFoM_toolkit/mtk) by extensions ['colcon_meta']
[0.157s] Level 1:colcon.colcon_core.package_identification:_identify(IKFoM_toolkit/mtk) by extension 'colcon_meta'
[0.157s] Level 1:colcon.colcon_core.package_identification:_identify(IKFoM_toolkit/mtk) by extensions ['ros']
[0.157s] Level 1:colcon.colcon_core.package_identification:_identify(IKFoM_toolkit/mtk) by extension 'ros'
[0.157s] Level 1:colcon.colcon_core.package_identification:_identify(IKFoM_toolkit/mtk) by extensions ['cmake', 'python']
[0.157s] Level 1:colcon.colcon_core.package_identification:_identify(IKFoM_toolkit/mtk) by extension 'cmake'
[0.157s] Level 1:colcon.colcon_core.package_identification:_identify(IKFoM_toolkit/mtk) by extension 'python'
[0.157s] Level 1:colcon.colcon_core.package_identification:_identify(IKFoM_toolkit/mtk) by extensions ['python_setup_py']
[0.157s] Level 1:colcon.colcon_core.package_identification:_identify(IKFoM_toolkit/mtk) by extension 'python_setup_py'
[0.157s] Level 1:colcon.colcon_core.package_identification:_identify(IKFoM_toolkit/mtk/src) by extensions ['ignore', 'ignore_ament_install']
[0.157s] Level 1:colcon.colcon_core.package_identification:_identify(IKFoM_toolkit/mtk/src) by extension 'ignore'
[0.157s] Level 1:colcon.colcon_core.package_identification:_identify(IKFoM_toolkit/mtk/src) by extension 'ignore_ament_install'
[0.157s] Level 1:colcon.colcon_core.package_identification:_identify(IKFoM_toolkit/mtk/src) by extensions ['colcon_pkg']
[0.157s] Level 1:colcon.colcon_core.package_identification:_identify(IKFoM_toolkit/mtk/src) by extension 'colcon_pkg'
[0.157s] Level 1:colcon.colcon_core.package_identification:_identify(IKFoM_toolkit/mtk/src) by extensions ['colcon_meta']
[0.157s] Level 1:colcon.colcon_core.package_identification:_identify(IKFoM_toolkit/mtk/src) by extension 'colcon_meta'
[0.157s] Level 1:colcon.colcon_core.package_identification:_identify(IKFoM_toolkit/mtk/src) by extensions ['ros']
[0.157s] Level 1:colcon.colcon_core.package_identification:_identify(IKFoM_toolkit/mtk/src) by extension 'ros'
[0.157s] Level 1:colcon.colcon_core.package_identification:_identify(IKFoM_toolkit/mtk/src) by extensions ['cmake', 'python']
[0.157s] Level 1:colcon.colcon_core.package_identification:_identify(IKFoM_toolkit/mtk/src) by extension 'cmake'
[0.157s] Level 1:colcon.colcon_core.package_identification:_identify(IKFoM_toolkit/mtk/src) by extension 'python'
[0.157s] Level 1:colcon.colcon_core.package_identification:_identify(IKFoM_toolkit/mtk/src) by extensions ['python_setup_py']
[0.157s] Level 1:colcon.colcon_core.package_identification:_identify(IKFoM_toolkit/mtk/src) by extension 'python_setup_py'
[0.157s] Level 1:colcon.colcon_core.package_identification:_identify(IKFoM_toolkit/mtk/types) by extensions ['ignore', 'ignore_ament_install']
[0.157s] Level 1:colcon.colcon_core.package_identification:_identify(IKFoM_toolkit/mtk/types) by extension 'ignore'
[0.157s] Level 1:colcon.colcon_core.package_identification:_identify(IKFoM_toolkit/mtk/types) by extension 'ignore_ament_install'
[0.157s] Level 1:colcon.colcon_core.package_identification:_identify(IKFoM_toolkit/mtk/types) by extensions ['colcon_pkg']
[0.157s] Level 1:colcon.colcon_core.package_identification:_identify(IKFoM_toolkit/mtk/types) by extension 'colcon_pkg'
[0.157s] Level 1:colcon.colcon_core.package_identification:_identify(IKFoM_toolkit/mtk/types) by extensions ['colcon_meta']
[0.157s] Level 1:colcon.colcon_core.package_identification:_identify(IKFoM_toolkit/mtk/types) by extension 'colcon_meta'
[0.157s] Level 1:colcon.colcon_core.package_identification:_identify(IKFoM_toolkit/mtk/types) by extensions ['ros']
[0.157s] Level 1:colcon.colcon_core.package_identification:_identify(IKFoM_toolkit/mtk/types) by extension 'ros'
[0.158s] Level 1:colcon.colcon_core.package_identification:_identify(IKFoM_toolkit/mtk/types) by extensions ['cmake', 'python']
[0.158s] Level 1:colcon.colcon_core.package_identification:_identify(IKFoM_toolkit/mtk/types) by extension 'cmake'
[0.158s] Level 1:colcon.colcon_core.package_identification:_identify(IKFoM_toolkit/mtk/types) by extension 'python'
[0.158s] Level 1:colcon.colcon_core.package_identification:_identify(IKFoM_toolkit/mtk/types) by extensions ['python_setup_py']
[0.158s] Level 1:colcon.colcon_core.package_identification:_identify(IKFoM_toolkit/mtk/types) by extension 'python_setup_py'
[0.158s] Level 1:colcon.colcon_core.package_identification:_identify(build) by extensions ['ignore', 'ignore_ament_install']
[0.158s] Level 1:colcon.colcon_core.package_identification:_identify(build) by extension 'ignore'
[0.158s] Level 1:colcon.colcon_core.package_identification:_identify(build) ignored
[0.158s] Level 1:colcon.colcon_core.package_identification:_identify(ikd-Tree-main) by extensions ['ignore', 'ignore_ament_install']
[0.158s] Level 1:colcon.colcon_core.package_identification:_identify(ikd-Tree-main) by extension 'ignore'
[0.158s] Level 1:colcon.colcon_core.package_identification:_identify(ikd-Tree-main) by extension 'ignore_ament_install'
[0.158s] Level 1:colcon.colcon_core.package_identification:_identify(ikd-Tree-main) by extensions ['colcon_pkg']
[0.158s] Level 1:colcon.colcon_core.package_identification:_identify(ikd-Tree-main) by extension 'colcon_pkg'
[0.158s] Level 1:colcon.colcon_core.package_identification:_identify(ikd-Tree-main) by extensions ['colcon_meta']
[0.158s] Level 1:colcon.colcon_core.package_identification:_identify(ikd-Tree-main) by extension 'colcon_meta'
[0.158s] Level 1:colcon.colcon_core.package_identification:_identify(ikd-Tree-main) by extensions ['ros']
[0.158s] Level 1:colcon.colcon_core.package_identification:_identify(ikd-Tree-main) by extension 'ros'
[0.158s] Level 1:colcon.colcon_core.package_identification:_identify(ikd-Tree-main) by extensions ['cmake', 'python']
[0.158s] Level 1:colcon.colcon_core.package_identification:_identify(ikd-Tree-main) by extension 'cmake'
[0.159s] Level 1:colcon.colcon_core.package_identification:_identify(ikd-Tree-main) by extension 'python'
[0.159s] DEBUG:colcon.colcon_core.package_identification:Package 'ikd-Tree-main' with type 'cmake' and name 'ikd_tree_demo'
[0.159s] Level 1:colcon.colcon_core.package_identification:_identify(install) by extensions ['ignore', 'ignore_ament_install']
[0.159s] Level 1:colcon.colcon_core.package_identification:_identify(install) by extension 'ignore'
[0.159s] Level 1:colcon.colcon_core.package_identification:_identify(install) ignored
[0.159s] Level 1:colcon.colcon_core.package_identification:_identify(log) by extensions ['ignore', 'ignore_ament_install']
[0.159s] Level 1:colcon.colcon_core.package_identification:_identify(log) by extension 'ignore'
[0.159s] Level 1:colcon.colcon_core.package_identification:_identify(log) ignored
[0.159s] Level 1:colcon.colcon_core.package_discovery:discover_packages(recursive) using defaults
[0.159s] Level 1:colcon.colcon_core.package_discovery:discover_packages(ignore) discover
[0.159s] Level 1:colcon.colcon_core.package_discovery:discover_packages(ignore) using defaults
[0.159s] Level 1:colcon.colcon_core.package_discovery:discover_packages(path) discover
[0.159s] Level 1:colcon.colcon_core.package_discovery:discover_packages(path) using defaults
